Dec 02 18:59:41.000 [notice] Tor 0.4.6.9 (git-ea2ada6d1459f829) opening new log file.
Dec 02 18:59:41.190 [notice] We compiled with OpenSSL 101010df: OpenSSL 1.1.1m  14 Dec 2021 and we are running with OpenSSL 101010df: 1.1.1m. These two versions should be binary compatible.
Dec 02 18:59:41.215 [notice] Tor 0.4.6.9 (git-ea2ada6d1459f829) running on Windows 8 [or later] with Libevent 2.1.12-stable, OpenSSL 1.1.1m, Zlib 1.2.11, Liblzma N/A, Libzstd N/A and Unknown N/A as libc.
Dec 02 18:59:41.215 [notice] Tor can't help you if you use it wrong! Learn how to be safe at https://www.torproject.org/download/download#warning
Dec 02 18:59:41.251 [notice] Read configuration file "C:\Tor\torrc".
Dec 02 18:59:41.256 [warn] You specified a public address '0.0.0.0:1080' for SocksPort. Other people on the Internet might find your computer and use it as an open proxy. Please don't allow this unless you have a good reason.
Dec 02 18:59:41.256 [notice] Opening Socks listener on 0.0.0.0:1080
Dec 02 18:59:41.256 [notice] Opened Socks listener connection (ready) on 0.0.0.0:1080
Dec 02 18:59:41.000 [notice] Parsing GEOIP IPv4 file C:\Tor\data\geoip.
Dec 02 18:59:41.000 [notice] Parsing GEOIP IPv6 file C:\Tor\data\geoip6.
Dec 02 18:59:41.000 [notice] Bootstrapped 0% (starting): Starting
Dec 02 18:59:44.000 [notice] Starting with guard context "default"
Dec 02 18:59:44.000 [notice] Bootstrapped 5% (conn): Connecting to a relay
Dec 02 18:59:44.000 [notice] Bootstrapped 10% (conn_done): Connected to a relay
Dec 02 18:59:44.000 [notice] Bootstrapped 14% (handshake): Handshaking with a relay
Dec 02 18:59:44.000 [notice] Bootstrapped 15% (handshake_done): Handshake with a relay done
Dec 02 18:59:44.000 [notice] Bootstrapped 45% (requesting_descriptors): Asking for relay descriptors
Dec 02 18:59:45.000 [notice] Bootstrapped 50% (loading_descriptors): Loading relay descriptors
Dec 02 18:59:51.000 [notice] Bootstrapped 55% (loading_descriptors): Loading relay descriptors
Dec 02 18:59:51.000 [notice] Bootstrapped 60% (loading_descriptors): Loading relay descriptors
Dec 02 18:59:54.000 [notice] Bootstrapped 65% (loading_descriptors): Loading relay descriptors
Dec 02 18:59:54.000 [notice] Bootstrapped 72% (loading_descriptors): Loading relay descriptors
Dec 02 18:59:54.000 [notice] Bootstrapped 75% (enough_dirinfo): Loaded enough directory info to build circuits
Dec 02 18:59:55.000 [notice] Bootstrapped 90% (ap_handshake_done): Handshake finished with a relay to build circuits
Dec 02 18:59:55.000 [notice] Bootstrapped 95% (circuit_create): Establishing a Tor circuit
Dec 02 18:59:56.000 [notice] Bootstrapped 100% (done): Done
Dec 02 19:00:17.000 [notice] Tor 0.4.6.9 (git-ea2ada6d1459f829) opening log file.
Dec 02 19:00:17.099 [notice] We compiled with OpenSSL 101010df: OpenSSL 1.1.1m  14 Dec 2021 and we are running with OpenSSL 101010df: 1.1.1m. These two versions should be binary compatible.
Dec 02 19:00:17.117 [notice] Tor 0.4.6.9 (git-ea2ada6d1459f829) running on Windows 8 [or later] with Libevent 2.1.12-stable, OpenSSL 1.1.1m, Zlib 1.2.11, Liblzma N/A, Libzstd N/A and Unknown N/A as libc.
Dec 02 19:00:17.117 [notice] Tor can't help you if you use it wrong! Learn how to be safe at https://www.torproject.org/download/download#warning
Dec 02 19:00:17.144 [notice] Read configuration file "C:\Tor\torrc".
Dec 02 19:00:17.151 [warn] You specified a public address '0.0.0.0:1080' for SocksPort. Other people on the Internet might find your computer and use it as an open proxy. Please don't allow this unless you have a good reason.
Dec 02 19:00:17.151 [notice] Opening Socks listener on 0.0.0.0:1080
Dec 02 19:00:17.151 [notice] Opened Socks listener connection (ready) on 0.0.0.0:1080
Dec 02 19:00:17.000 [notice] Parsing GEOIP IPv4 file C:\Tor\data\geoip.
Dec 02 19:00:17.000 [notice] Parsing GEOIP IPv6 file C:\Tor\data\geoip6.
Dec 02 19:00:17.000 [notice] Bootstrapped 0% (starting): Starting
Dec 02 19:00:20.000 [notice] Starting with guard context "default"
Dec 02 19:00:21.000 [notice] Bootstrapped 5% (conn): Connecting to a relay
Dec 02 19:00:21.000 [notice] Bootstrapped 10% (conn_done): Connected to a relay
Dec 02 19:00:21.000 [notice] Bootstrapped 14% (handshake): Handshaking with a relay
Dec 02 19:00:21.000 [notice] Bootstrapped 15% (handshake_done): Handshake with a relay done
Dec 02 19:00:21.000 [notice] Bootstrapped 75% (enough_dirinfo): Loaded enough directory info to build circuits
Dec 02 19:00:21.000 [notice] Bootstrapped 90% (ap_handshake_done): Handshake finished with a relay to build circuits
Dec 02 19:00:21.000 [notice] Bootstrapped 95% (circuit_create): Establishing a Tor circuit
Dec 02 19:00:22.000 [notice] Bootstrapped 100% (done): Done
Dec 02 19:01:20.000 [notice] Tor 0.4.6.9 (git-ea2ada6d1459f829) opening log file.
Dec 02 19:01:20.190 [notice] We compiled with OpenSSL 101010df: OpenSSL 1.1.1m  14 Dec 2021 and we are running with OpenSSL 101010df: 1.1.1m. These two versions should be binary compatible.
Dec 02 19:01:20.220 [notice] Tor 0.4.6.9 (git-ea2ada6d1459f829) running on Windows 8 [or later] with Libevent 2.1.12-stable, OpenSSL 1.1.1m, Zlib 1.2.11, Liblzma N/A, Libzstd N/A and Unknown N/A as libc.
Dec 02 19:01:20.220 [notice] Tor can't help you if you use it wrong! Learn how to be safe at https://www.torproject.org/download/download#warning
Dec 02 19:01:20.269 [notice] Read configuration file "C:\Tor\torrc".
Dec 02 19:01:20.274 [warn] You specified a public address '0.0.0.0:1080' for SocksPort. Other people on the Internet might find your computer and use it as an open proxy. Please don't allow this unless you have a good reason.
Dec 02 19:01:20.274 [notice] Opening Socks listener on 0.0.0.0:1080
Dec 02 19:01:20.274 [notice] Opened Socks listener connection (ready) on 0.0.0.0:1080
Dec 02 19:01:20.000 [notice] Parsing GEOIP IPv4 file C:\Tor\data\geoip.
Dec 02 19:01:20.000 [notice] Parsing GEOIP IPv6 file C:\Tor\data\geoip6.
Dec 02 19:01:20.000 [notice] Bootstrapped 0% (starting): Starting
Dec 02 19:01:23.000 [notice] Starting with guard context "default"
Dec 02 19:01:23.000 [notice] Bootstrapped 5% (conn): Connecting to a relay
Dec 02 19:01:23.000 [notice] Bootstrapped 10% (conn_done): Connected to a relay
Dec 02 19:01:23.000 [notice] Bootstrapped 14% (handshake): Handshaking with a relay
Dec 02 19:01:24.000 [notice] Bootstrapped 15% (handshake_done): Handshake with a relay done
Dec 02 19:01:24.000 [notice] Bootstrapped 75% (enough_dirinfo): Loaded enough directory info to build circuits
Dec 02 19:01:24.000 [notice] Bootstrapped 90% (ap_handshake_done): Handshake finished with a relay to build circuits
Dec 02 19:01:24.000 [notice] Bootstrapped 95% (circuit_create): Establishing a Tor circuit
Dec 02 19:01:24.000 [notice] Bootstrapped 100% (done): Done
Dec 02 19:01:28.000 [notice] Got stop/shutdown request; shutting down cleanly.
Dec 02 19:02:42.000 [notice] Tor 0.4.6.9 (git-ea2ada6d1459f829) opening log file.
Dec 02 19:02:42.870 [notice] We compiled with OpenSSL 101010df: OpenSSL 1.1.1m  14 Dec 2021 and we are running with OpenSSL 101010df: 1.1.1m. These two versions should be binary compatible.
Dec 02 19:02:42.890 [notice] Tor 0.4.6.9 (git-ea2ada6d1459f829) running on Windows 8 [or later] with Libevent 2.1.12-stable, OpenSSL 1.1.1m, Zlib 1.2.11, Liblzma N/A, Libzstd N/A and Unknown N/A as libc.
Dec 02 19:02:42.890 [notice] Tor can't help you if you use it wrong! Learn how to be safe at https://www.torproject.org/download/download#warning
Dec 02 19:02:42.922 [notice] Read configuration file "C:\Tor\torrc".
Dec 02 19:02:42.929 [warn] You specified a public address '0.0.0.0:1080' for SocksPort. Other people on the Internet might find your computer and use it as an open proxy. Please don't allow this unless you have a good reason.
Dec 02 19:02:42.930 [notice] Opening Socks listener on 0.0.0.0:1080
Dec 02 19:02:42.930 [notice] Opened Socks listener connection (ready) on 0.0.0.0:1080
Dec 02 19:02:42.000 [notice] Parsing GEOIP IPv4 file C:\Tor\data\geoip.
Dec 02 19:02:43.000 [notice] Parsing GEOIP IPv6 file C:\Tor\data\geoip6.
Dec 02 19:02:43.000 [notice] Bootstrapped 0% (starting): Starting
Dec 02 19:02:46.000 [notice] Starting with guard context "default"
Dec 02 19:02:47.000 [notice] Bootstrapped 5% (conn): Connecting to a relay
Dec 02 19:02:47.000 [notice] Bootstrapped 10% (conn_done): Connected to a relay
Dec 02 19:02:47.000 [notice] Bootstrapped 14% (handshake): Handshaking with a relay
Dec 02 19:02:48.000 [notice] Bootstrapped 15% (handshake_done): Handshake with a relay done
Dec 02 19:02:48.000 [notice] Bootstrapped 75% (enough_dirinfo): Loaded enough directory info to build circuits
Dec 02 19:02:48.000 [notice] Bootstrapped 90% (ap_handshake_done): Handshake finished with a relay to build circuits
Dec 02 19:02:48.000 [notice] Bootstrapped 95% (circuit_create): Establishing a Tor circuit
Dec 02 19:02:49.000 [notice] Bootstrapped 100% (done): Done
Dec 02 19:03:21.000 [notice] Got stop/shutdown request; shutting down cleanly.
Dec 02 19:04:28.000 [notice] Tor 0.4.6.9 (git-ea2ada6d1459f829) opening log file.
Dec 02 19:04:28.608 [notice] We compiled with OpenSSL 101010df: OpenSSL 1.1.1m  14 Dec 2021 and we are running with OpenSSL 101010df: 1.1.1m. These two versions should be binary compatible.
Dec 02 19:04:28.630 [notice] Tor 0.4.6.9 (git-ea2ada6d1459f829) running on Windows 8 [or later] with Libevent 2.1.12-stable, OpenSSL 1.1.1m, Zlib 1.2.11, Liblzma N/A, Libzstd N/A and Unknown N/A as libc.
Dec 02 19:04:28.630 [notice] Tor can't help you if you use it wrong! Learn how to be safe at https://www.torproject.org/download/download#warning
Dec 02 19:04:28.661 [notice] Read configuration file "C:\Tor\torrc".
Dec 02 19:04:28.666 [warn] You specified a public address '0.0.0.0:1080' for SocksPort. Other people on the Internet might find your computer and use it as an open proxy. Please don't allow this unless you have a good reason.
Dec 02 19:04:28.666 [notice] Opening Socks listener on 0.0.0.0:1080
Dec 02 19:04:28.666 [notice] Opened Socks listener connection (ready) on 0.0.0.0:1080
Dec 02 19:04:28.000 [notice] Parsing GEOIP IPv4 file C:\Tor\data\geoip.
Dec 02 19:04:28.000 [notice] Parsing GEOIP IPv6 file C:\Tor\data\geoip6.
Dec 02 19:04:29.000 [notice] Bootstrapped 0% (starting): Starting
Dec 02 19:04:32.000 [notice] Starting with guard context "default"
Dec 02 19:04:32.000 [notice] Bootstrapped 5% (conn): Connecting to a relay
Dec 02 19:04:32.000 [notice] Bootstrapped 10% (conn_done): Connected to a relay
Dec 02 19:04:32.000 [notice] Bootstrapped 14% (handshake): Handshaking with a relay
Dec 02 19:04:33.000 [notice] Bootstrapped 15% (handshake_done): Handshake with a relay done
Dec 02 19:04:33.000 [notice] Bootstrapped 75% (enough_dirinfo): Loaded enough directory info to build circuits
Dec 02 19:04:33.000 [notice] Bootstrapped 90% (ap_handshake_done): Handshake finished with a relay to build circuits
Dec 02 19:04:33.000 [notice] Bootstrapped 95% (circuit_create): Establishing a Tor circuit
Dec 02 19:04:34.000 [notice] Bootstrapped 100% (done): Done
Dec 02 19:06:43.000 [notice] Got stop/shutdown request; shutting down cleanly.
Dec 02 19:06:44.000 [notice] Tor 0.4.6.9 (git-ea2ada6d1459f829) opening log file.
Dec 02 19:06:44.921 [notice] We compiled with OpenSSL 101010df: OpenSSL 1.1.1m  14 Dec 2021 and we are running with OpenSSL 101010df: 1.1.1m. These two versions should be binary compatible.
Dec 02 19:06:44.942 [notice] Tor 0.4.6.9 (git-ea2ada6d1459f829) running on Windows 8 [or later] with Libevent 2.1.12-stable, OpenSSL 1.1.1m, Zlib 1.2.11, Liblzma N/A, Libzstd N/A and Unknown N/A as libc.
Dec 02 19:06:44.942 [notice] Tor can't help you if you use it wrong! Learn how to be safe at https://www.torproject.org/download/download#warning
Dec 02 19:06:44.967 [notice] Read configuration file "C:\Tor\torrc".
Dec 02 19:06:44.973 [warn] You specified a public address '0.0.0.0:1080' for SocksPort. Other people on the Internet might find your computer and use it as an open proxy. Please don't allow this unless you have a good reason.
Dec 02 19:06:44.973 [notice] Opening Socks listener on 0.0.0.0:1080
Dec 02 19:06:44.973 [notice] Opened Socks listener connection (ready) on 0.0.0.0:1080
Dec 02 19:06:45.000 [notice] Bootstrapped 0% (starting): Starting
Dec 02 19:06:45.000 [notice] Starting with guard context "default"
Dec 02 19:06:45.000 [notice] Application request when we haven't used client functionality lately. Optimistically trying directory fetches again.
Dec 02 19:06:45.000 [notice] Application request when we haven't used client functionality lately. Optimistically trying directory fetches again.
Dec 02 19:06:45.000 [notice] Application request when we haven't used client functionality lately. Optimistically trying directory fetches again.
Dec 02 19:06:45.000 [notice] Application request when we haven't used client functionality lately. Optimistically trying directory fetches again.
Dec 02 19:06:45.000 [notice] Application request when we haven't used client functionality lately. Optimistically trying directory fetches again.
Dec 02 19:06:45.000 [notice] Application request when we haven't used client functionality lately. Optimistically trying directory fetches again.
Dec 02 19:06:45.000 [notice] Application request when we haven't used client functionality lately. Optimistically trying directory fetches again.
Dec 02 19:06:45.000 [notice] Application request when we haven't used client functionality lately. Optimistically trying directory fetches again.
Dec 02 19:06:45.000 [notice] Application request when we haven't used client functionality lately. Optimistically trying directory fetches again.
Dec 02 19:06:45.000 [notice] Application request when we haven't used client functionality lately. Optimistically trying directory fetches again.
Dec 02 19:06:45.000 [notice] Application request when we haven't used client functionality lately. Optimistically trying directory fetches again.
Dec 02 19:06:45.000 [notice] Application request when we haven't used client functionality lately. Optimistically trying directory fetches again.
Dec 02 19:06:45.000 [notice] Application request when we haven't used client functionality lately. Optimistically trying directory fetches again.
Dec 02 19:06:45.000 [notice] Application request when we haven't used client functionality lately. Optimistically trying directory fetches again.
Dec 02 19:06:45.000 [notice] Application request when we haven't used client functionality lately. Optimistically trying directory fetches again.
Dec 02 19:06:45.000 [notice] Application request when we haven't used client functionality lately. Optimistically trying directory fetches again.
Dec 02 19:06:45.000 [notice] Application request when we haven't used client functionality lately. Optimistically trying directory fetches again.
Dec 02 19:06:45.000 [notice] Application request when we haven't used client functionality lately. Optimistically trying directory fetches again.
Dec 02 19:06:45.000 [notice] Application request when we haven't used client functionality lately. Optimistically trying directory fetches again.
Dec 02 19:06:45.000 [notice] Application request when we haven't used client functionality lately. Optimistically trying directory fetches again.
Dec 02 19:06:45.000 [notice] Application request when we haven't used client functionality lately. Optimistically trying directory fetches again.
Dec 02 19:06:45.000 [notice] Application request when we haven't used client functionality lately. Optimistically trying directory fetches again.
Dec 02 19:06:45.000 [notice] Application request when we haven't used client functionality lately. Optimistically trying directory fetches again.
Dec 02 19:06:45.000 [notice] Application request when we haven't used client functionality lately. Optimistically trying directory fetches again.
Dec 02 19:06:45.000 [notice] Application request when we haven't used client functionality lately. Optimistically trying directory fetches again.
Dec 02 19:06:45.000 [notice] Application request when we haven't used client functionality lately. Optimistically trying directory fetches again.
Dec 02 19:06:45.000 [notice] Application request when we haven't used client functionality lately. Optimistically trying directory fetches again.
Dec 02 19:06:45.000 [notice] Application request when we haven't used client functionality lately. Optimistically trying directory fetches again.
Dec 02 19:06:45.000 [notice] Application request when we haven't used client functionality lately. Optimistically trying directory fetches again.
Dec 02 19:06:45.000 [notice] Application request when we haven't used client functionality lately. Optimistically trying directory fetches again.
Dec 02 19:06:45.000 [notice] Application request when we haven't used client functionality lately. Optimistically trying directory fetches again.
Dec 02 19:06:45.000 [notice] Application request when we haven't used client functionality lately. Optimistically trying directory fetches again.
Dec 02 19:06:45.000 [notice] Application request when we haven't used client functionality lately. Optimistically trying directory fetches again.
Dec 02 19:06:45.000 [notice] Application request when we haven't used client functionality lately. Optimistically trying directory fetches again.
Dec 02 19:06:45.000 [notice] Application request when we haven't used client functionality lately. Optimistically trying directory fetches again.
Dec 02 19:06:45.000 [notice] Application request when we haven't used client functionality lately. Optimistically trying directory fetches again.
Dec 02 19:06:45.000 [notice] Application request when we haven't used client functionality lately. Optimistically trying directory fetches again.
Dec 02 19:06:45.000 [notice] Application request when we haven't used client functionality lately. Optimistically trying directory fetches again.
Dec 02 19:06:45.000 [notice] Application request when we haven't used client functionality lately. Optimistically trying directory fetches again.
Dec 02 19:06:45.000 [notice] Application request when we haven't used client functionality lately. Optimistically trying directory fetches again.
Dec 02 19:06:45.000 [notice] Application request when we haven't used client functionality lately. Optimistically trying directory fetches again.
Dec 02 19:06:45.000 [notice] Application request when we haven't used client functionality lately. Optimistically trying directory fetches again.
Dec 02 19:06:45.000 [notice] Application request when we haven't used client functionality lately. Optimistically trying directory fetches again.
Dec 02 19:06:45.000 [notice] Application request when we haven't used client functionality lately. Optimistically trying directory fetches again.
Dec 02 19:06:45.000 [notice] Application request when we haven't used client functionality lately. Optimistically trying directory fetches again.
Dec 02 19:06:45.000 [notice] Application request when we haven't used client functionality lately. Optimistically trying directory fetches again.
Dec 02 19:06:45.000 [notice] Application request when we haven't used client functionality lately. Optimistically trying directory fetches again.
Dec 02 19:06:45.000 [notice] Application request when we haven't used client functionality lately. Optimistically trying directory fetches again.
Dec 02 19:06:45.000 [notice] Application request when we haven't used client functionality lately. Optimistically trying directory fetches again.
Dec 02 19:06:45.000 [notice] Application request when we haven't used client functionality lately. Optimistically trying directory fetches again.
Dec 02 19:06:45.000 [notice] Application request when we haven't used client functionality lately. Optimistically trying directory fetches again.
Dec 02 19:06:45.000 [notice] Application request when we haven't used client functionality lately. Optimistically trying directory fetches again.
Dec 02 19:06:45.000 [notice] Application request when we haven't used client functionality lately. Optimistically trying directory fetches again.
Dec 02 19:06:45.000 [notice] Application request when we haven't used client functionality lately. Optimistically trying directory fetches again.
Dec 02 19:06:45.000 [notice] Application request when we haven't used client functionality lately. Optimistically trying directory fetches again.
Dec 02 19:06:45.000 [notice] Application request when we haven't used client functionality lately. Optimistically trying directory fetches again.
Dec 02 19:06:45.000 [notice] Application request when we haven't used client functionality lately. Optimistically trying directory fetches again.
Dec 02 19:06:45.000 [notice] Application request when we haven't used client functionality lately. Optimistically trying directory fetches again.
Dec 02 19:06:45.000 [notice] Application request when we haven't used client functionality lately. Optimistically trying directory fetches again.
Dec 02 19:06:45.000 [notice] Application request when we haven't used client functionality lately. Optimistically trying directory fetches again.
Dec 02 19:06:45.000 [notice] Application request when we haven't used client functionality lately. Optimistically trying directory fetches again.
Dec 02 19:06:45.000 [notice] Application request when we haven't used client functionality lately. Optimistically trying directory fetches again.
Dec 02 19:06:45.000 [notice] Application request when we haven't used client functionality lately. Optimistically trying directory fetches again.
Dec 02 19:06:45.000 [notice] Application request when we haven't used client functionality lately. Optimistically trying directory fetches again.
Dec 02 19:06:45.000 [notice] Application request when we haven't used client functionality lately. Optimistically trying directory fetches again.
Dec 02 19:06:45.000 [notice] Application request when we haven't used client functionality lately. Optimistically trying directory fetches again.
Dec 02 19:06:45.000 [notice] Application request when we haven't used client functionality lately. Optimistically trying directory fetches again.
Dec 02 19:06:45.000 [notice] Application request when we haven't used client functionality lately. Optimistically trying directory fetches again.
Dec 02 19:06:45.000 [notice] Application request when we haven't used client functionality lately. Optimistically trying directory fetches again.
Dec 02 19:06:45.000 [notice] Application request when we haven't used client functionality lately. Optimistically trying directory fetches again.
Dec 02 19:06:45.000 [notice] Application request when we haven't used client functionality lately. Optimistically trying directory fetches again.
Dec 02 19:06:45.000 [notice] Application request when we haven't used client functionality lately. Optimistically trying directory fetches again.
Dec 02 19:06:45.000 [notice] Application request when we haven't used client functionality lately. Optimistically trying directory fetches again.
Dec 02 19:06:45.000 [notice] Application request when we haven't used client functionality lately. Optimistically trying directory fetches again.
Dec 02 19:06:45.000 [notice] Application request when we haven't used client functionality lately. Optimistically trying directory fetches again.
Dec 02 19:06:45.000 [notice] Application request when we haven't used client functionality lately. Optimistically trying directory fetches again.
Dec 02 19:06:45.000 [notice] Application request when we haven't used client functionality lately. Optimistically trying directory fetches again.
Dec 02 19:06:45.000 [notice] Application request when we haven't used client functionality lately. Optimistically trying directory fetches again.
Dec 02 19:06:45.000 [notice] Application request when we haven't used client functionality lately. Optimistically trying directory fetches again.
Dec 02 19:06:45.000 [notice] Application request when we haven't used client functionality lately. Optimistically trying directory fetches again.
Dec 02 19:06:45.000 [notice] Application request when we haven't used client functionality lately. Optimistically trying directory fetches again.
Dec 02 19:06:45.000 [notice] Application request when we haven't used client functionality lately. Optimistically trying directory fetches again.
Dec 02 19:06:45.000 [notice] Application request when we haven't used client functionality lately. Optimistically trying directory fetches again.
Dec 02 19:06:45.000 [notice] Application request when we haven't used client functionality lately. Optimistically trying directory fetches again.
Dec 02 19:06:45.000 [notice] Application request when we haven't used client functionality lately. Optimistically trying directory fetches again.
Dec 02 19:06:45.000 [notice] Application request when we haven't used client functionality lately. Optimistically trying directory fetches again.
Dec 02 19:06:45.000 [notice] Application request when we haven't used client functionality lately. Optimistically trying directory fetches again.
Dec 02 19:06:45.000 [notice] Application request when we haven't used client functionality lately. Optimistically trying directory fetches again.
Dec 02 19:06:45.000 [notice] Application request when we haven't used client functionality lately. Optimistically trying directory fetches again.
Dec 02 19:06:45.000 [notice] Application request when we haven't used client functionality lately. Optimistically trying directory fetches again.
Dec 02 19:06:45.000 [notice] Application request when we haven't used client functionality lately. Optimistically trying directory fetches again.
Dec 02 19:06:45.000 [notice] Application request when we haven't used client functionality lately. Optimistically trying directory fetches again.
Dec 02 19:06:45.000 [notice] Application request when we haven't used client functionality lately. Optimistically trying directory fetches again.
Dec 02 19:06:45.000 [notice] Application request when we haven't used client functionality lately. Optimistically trying directory fetches again.
Dec 02 19:06:45.000 [notice] Application request when we haven't used client functionality lately. Optimistically trying directory fetches again.
Dec 02 19:06:45.000 [notice] Application request when we haven't used client functionality lately. Optimistically trying directory fetches again.
Dec 02 19:06:45.000 [notice] Application request when we haven't used client functionality lately. Optimistically trying directory fetches again.
Dec 02 19:06:45.000 [notice] Application request when we haven't used client functionality lately. Optimistically trying directory fetches again.
Dec 02 19:06:45.000 [notice] Application request when we haven't used client functionality lately. Optimistically trying directory fetches again.
Dec 02 19:06:45.000 [notice] Application request when we haven't used client functionality lately. Optimistically trying directory fetches again.
Dec 02 19:06:45.000 [notice] Application request when we haven't used client functionality lately. Optimistically trying directory fetches again.
Dec 02 19:06:45.000 [notice] Application request when we haven't used client functionality lately. Optimistically trying directory fetches again.
Dec 02 19:06:45.000 [notice] Application request when we haven't used client functionality lately. Optimistically trying directory fetches again.
Dec 02 19:06:45.000 [notice] Application request when we haven't used client functionality lately. Optimistically trying directory fetches again.
Dec 02 19:06:45.000 [notice] Application request when we haven't used client functionality lately. Optimistically trying directory fetches again.
Dec 02 19:06:45.000 [notice] Application request when we haven't used client functionality lately. Optimistically trying directory fetches again.
Dec 02 19:06:45.000 [notice] Application request when we haven't used client functionality lately. Optimistically trying directory fetches again.
Dec 02 19:06:45.000 [notice] Application request when we haven't used client functionality lately. Optimistically trying directory fetches again.
Dec 02 19:06:45.000 [notice] Application request when we haven't used client functionality lately. Optimistically trying directory fetches again.
Dec 02 19:06:45.000 [notice] Application request when we haven't used client functionality lately. Optimistically trying directory fetches again.
Dec 02 19:06:45.000 [notice] Application request when we haven't used client functionality lately. Optimistically trying directory fetches again.
Dec 02 19:06:45.000 [notice] Application request when we haven't used client functionality lately. Optimistically trying directory fetches again.
Dec 02 19:06:45.000 [notice] Application request when we haven't used client functionality lately. Optimistically trying directory fetches again.
Dec 02 19:06:45.000 [notice] Application request when we haven't used client functionality lately. Optimistically trying directory fetches again.
Dec 02 19:06:45.000 [notice] Application request when we haven't used client functionality lately. Optimistically trying directory fetches again.
Dec 02 19:06:45.000 [notice] Application request when we haven't used client functionality lately. Optimistically trying directory fetches again.
Dec 02 19:06:45.000 [notice] Application request when we haven't used client functionality lately. Optimistically trying directory fetches again.
Dec 02 19:06:45.000 [notice] Application request when we haven't used client functionality lately. Optimistically trying directory fetches again.
Dec 02 19:06:45.000 [notice] Application request when we haven't used client functionality lately. Optimistically trying directory fetches again.
Dec 02 19:06:45.000 [notice] Application request when we haven't used client functionality lately. Optimistically trying directory fetches again.
Dec 02 19:06:45.000 [notice] Application request when we haven't used client functionality lately. Optimistically trying directory fetches again.
Dec 02 19:06:45.000 [notice] Application request when we haven't used client functionality lately. Optimistically trying directory fetches again.
Dec 02 19:06:45.000 [notice] Application request when we haven't used client functionality lately. Optimistically trying directory fetches again.
Dec 02 19:06:45.000 [notice] Application request when we haven't used client functionality lately. Optimistically trying directory fetches again.
Dec 02 19:06:45.000 [notice] Application request when we haven't used client functionality lately. Optimistically trying directory fetches again.
Dec 02 19:06:45.000 [notice] Application request when we haven't used client functionality lately. Optimistically trying directory fetches again.
Dec 02 19:06:45.000 [notice] Application request when we haven't used client functionality lately. Optimistically trying directory fetches again.
Dec 02 19:06:45.000 [notice] Application request when we haven't used client functionality lately. Optimistically trying directory fetches again.
Dec 02 19:06:45.000 [notice] Application request when we haven't used client functionality lately. Optimistically trying directory fetches again.
Dec 02 19:06:45.000 [notice] Application request when we haven't used client functionality lately. Optimistically trying directory fetches again.
Dec 02 19:06:46.000 [notice] Bootstrapped 5% (conn): Connecting to a relay
Dec 02 19:06:46.000 [notice] Bootstrapped 10% (conn_done): Connected to a relay
Dec 02 19:06:46.000 [notice] Bootstrapped 14% (handshake): Handshaking with a relay
Dec 02 19:06:47.000 [notice] Bootstrapped 15% (handshake_done): Handshake with a relay done
Dec 02 19:06:47.000 [notice] Bootstrapped 20% (onehop_create): Establishing an encrypted directory connection
Dec 02 19:06:47.000 [notice] Bootstrapped 25% (requesting_status): Asking for networkstatus consensus
Dec 02 19:06:47.000 [notice] Bootstrapped 30% (loading_status): Loading networkstatus consensus
Dec 02 19:06:52.000 [notice] I learned some more directory information, but not enough to build a circuit: We have no usable consensus.
Dec 02 19:06:53.000 [notice] Bootstrapped 40% (loading_keys): Loading authority key certs
Dec 02 19:06:54.000 [notice] The current consensus has no exit nodes. Tor can only build internal paths, such as paths to onion services.
Dec 02 19:06:54.000 [notice] Bootstrapped 45% (requesting_descriptors): Asking for relay descriptors
Dec 02 19:06:54.000 [notice] I learned some more directory information, but not enough to build a circuit: We need more microdescriptors: we have 0/6142, and can only build 0% of likely paths. (We have 0% of guards bw, 0% of midpoint bw, and 0% of end bw (no exits in consensus, using mid) = 0% of path bw.)
Dec 02 19:06:55.000 [notice] Bootstrapped 50% (loading_descriptors): Loading relay descriptors
Dec 02 19:07:02.000 [notice] The current consensus contains exit nodes. Tor can build exit and internal paths.
Dec 02 19:07:05.000 [notice] Bootstrapped 56% (loading_descriptors): Loading relay descriptors
Dec 02 19:07:06.000 [notice] Bootstrapped 61% (loading_descriptors): Loading relay descriptors
Dec 02 19:07:08.000 [notice] Bootstrapped 67% (loading_descriptors): Loading relay descriptors
Dec 02 19:07:09.000 [notice] Bootstrapped 73% (loading_descriptors): Loading relay descriptors
Dec 02 19:07:09.000 [notice] Bootstrapped 75% (enough_dirinfo): Loaded enough directory info to build circuits
Dec 02 19:07:09.000 [notice] Bootstrapped 80% (ap_conn): Connecting to a relay to build circuits
Dec 02 19:07:09.000 [notice] Bootstrapped 85% (ap_conn_done): Connected to a relay to build circuits
Dec 02 19:07:09.000 [notice] Bootstrapped 89% (ap_handshake): Finishing handshake with a relay to build circuits
Dec 02 19:07:10.000 [notice] Bootstrapped 90% (ap_handshake_done): Handshake finished with a relay to build circuits
Dec 02 19:07:10.000 [notice] Bootstrapped 95% (circuit_create): Establishing a Tor circuit
Dec 02 19:07:11.000 [notice] Bootstrapped 100% (done): Done
